FILE_TYPE=LIBRARY_PARTS;
PRIMITIVE 'NRS4018T4R7MDGJ','NRS4018T4R7MDGJ_Other';
  PIN
    '1':
      PIN_NUMBER='(1)';
      NO_LOAD_CHECK=BOTH;
      NO_IO_CHECK=BOTH;
      ALLOW_CONNECT=TRUE;
      PINUSE='UNSPEC';
    '2':
      PIN_NUMBER='(2)';
      NO_LOAD_CHECK=BOTH;
      NO_IO_CHECK=BOTH;
      ALLOW_CONNECT=TRUE;
      PINUSE='UNSPEC';
  END_PIN;
  BODY
    PART_NAME='NRS4018T4R7MDGJ';
    PHYS_DES_PREFIX='L';
    NO_LOAD_CHECK='TRUE';
    PIN_COUNT='2';
    BODY_NAME='NRS4018T4R7MDGJ';
    JEDEC_TYPE='NRS4018T100MDGJ';
  END_BODY;
END_PRIMITIVE;
END.
