FILE_TYPE=LIBRARY_PARTS;
PRIMITIVE 'SMT_0540_S_R','SMT_0540_S_R_Other';
  PIN
    '+':
      PIN_NUMBER='(1)';
      NO_LOAD_CHECK=BOTH;
      NO_IO_CHECK=BOTH;
      ALLOW_CONNECT=TRUE;
      PINUSE='UNSPEC';
    '-':
      PIN_NUMBER='(2)';
      NO_LOAD_CHECK=BOTH;
      NO_IO_CHECK=BOTH;
      ALLOW_CONNECT=TRUE;
      PINUSE='UNSPEC';
    'DUMMY':
      PIN_NUMBER='(3)';
      NO_LOAD_CHECK=BOTH;
      NO_IO_CHECK=BOTH;
      ALLOW_CONNECT=TRUE;
      PINUSE='UNSPEC';
  END_PIN;
  BODY
    PART_NAME='SMT_0540_S_R';
    PHYS_DES_PREFIX='LS';
    NO_LOAD_CHECK='TRUE';
    PIN_COUNT='3';
    BODY_NAME='SMT_0540_S_R';
    JEDEC_TYPE='SMT0540SR';
  END_BODY;
END_PRIMITIVE;
END.
